<?xml version="1.0" encoding="UTF-8"?>
<testng-results ignored="0" total="2" passed="2" failed="0" skipped="0">
  <reporter-output>
  </reporter-output>
  <suite started-at="2025-04-09T14:45:28 EDT" name="API Testing Suite" finished-at="2025-04-09T14:45:37 EDT" duration-ms="8383">
    <groups>
    </groups>
    <test started-at="2025-04-09T14:45:28 EDT" name="API Tests" finished-at="2025-04-09T14:45:37 EDT" duration-ms="8383">
      <class name="com.example.api.ApiTest">
        <test-method signature="testAllPosts()[pri:0, instance:com.example.api.ApiTest@470f1802]" started-at="2025-04-09T14:45:28 EDT" name="testAllPosts" finished-at="2025-04-09T14:45:36 EDT" duration-ms="8110" status="PASS">
          <reporter-output>
          </reporter-output>
        </test-method> <!-- testAllPosts -->
        <test-method signature="testGetRequest()[pri:0, instance:com.example.api.ApiTest@470f1802]" started-at="2025-04-09T14:45:36 EDT" name="testGetRequest" finished-at="2025-04-09T14:45:37 EDT" duration-ms="164" status="PASS">
          <reporter-output>
          </reporter-output>
        </test-method> <!-- testGetRequest -->
      </class> <!-- com.example.api.ApiTest -->
    </test> <!-- API Tests -->
  </suite> <!-- API Testing Suite -->
</testng-results>
