<?xml version="1.0" encoding="UTF-8"?>
<testng-results ignored="0" total="2" passed="2" failed="0" skipped="0">
  <reporter-output>
  </reporter-output>
  <suite started-at="2025-04-09T16:00:41 EDT" name="Advanced API Testing Suite" finished-at="2025-04-09T16:00:43 EDT" duration-ms="2330">
    <groups>
    </groups>
    <test started-at="2025-04-09T16:00:41 EDT" name="API Tests" finished-at="2025-04-09T16:00:43 EDT" duration-ms="2330">
      <class name="com.example.api.AdvancedApiTest">
        <test-method signature="testAllPosts()[pri:0, instance:com.example.api.AdvancedApiTest@470f1802]" started-at="2025-04-09T16:00:41 EDT" name="testAllPosts" finished-at="2025-04-09T16:00:43 EDT" duration-ms="2147" status="PASS">
          <reporter-output>
          </reporter-output>
        </test-method> <!-- testAllPosts -->
        <test-method signature="testPostRequest()[pri:0, instance:com.example.api.AdvancedApiTest@470f1802]" started-at="2025-04-09T16:00:43 EDT" name="testPostRequest" finished-at="2025-04-09T16:00:43 EDT" duration-ms="139" status="PASS">
          <reporter-output>
          </reporter-output>
        </test-method> <!-- testPostRequest -->
      </class> <!-- com.example.api.AdvancedApiTest -->
    </test> <!-- API Tests -->
  </suite> <!-- Advanced API Testing Suite -->
</testng-results>
